[17:09:36] [main/INFO]: Loading Minecraft 1.21.9 with Fabric Loader 0.17.2
[17:09:37] [main/INFO]: Dependencies overridden for noisium
[17:09:37] [main/INFO]: Loading 74 mods:
	- c2me 0.3.5+alpha.0.43+1.21.9
	   |-- c2me-base 0.3.5+alpha.0.43+1.21.9
	   |-- c2me-client-uncapvd 0.3.5+alpha.0.43+1.21.9
	   |-- c2me-fixes-chunkio-threading-issues 0.3.5+alpha.0.43+1.21.9
	   |-- c2me-fixes-general-threading-issues 0.3.5+alpha.0.43+1.21.9
	   |-- c2me-fixes-worldgen-threading-issues 0.3.5+alpha.0.43+1.21.9
	   |-- c2me-fixes-worldgen-vanilla-bugs 0.3.5+alpha.0.43+1.21.9
	   |-- c2me-notickvd 0.3.5+alpha.0.43+1.21.9
	   |-- c2me-opts-allocs 0.3.5+alpha.0.43+1.21.9
	   |-- c2me-opts-chunkio 0.3.5+alpha.0.43+1.21.9
	   |-- c2me-opts-dfc 0.3.5+alpha.0.43+1.21.9
	   |-- c2me-opts-math 0.3.5+alpha.0.43+1.21.9
	   |-- c2me-opts-scheduling 0.3.5+alpha.0.43+1.21.9
	   |-- c2me-opts-worldgen-general 0.3.5+alpha.0.43+1.21.9
	   |-- c2me-opts-worldgen-vanilla 0.3.5+alpha.0.43+1.21.9
	   |-- c2me-rewrites-chunk-serializer 0.3.5+alpha.0.43+1.21.9
	   |-- c2me-rewrites-chunk-system 0.3.5+alpha.0.43+1.21.9
	   |-- c2me-rewrites-chunkio 0.3.5+alpha.0.43+1.21.9
	   |-- c2me-server-utils 0.3.5+alpha.0.43+1.21.9
	   |-- c2me-threading-lighting 0.3.5+alpha.0.43+1.21.9
	   |-- com_electronwill_night-config_core 3.6.5
	   |-- com_electronwill_night-config_toml 3.6.5
	   |-- com_ibm_async_asyncutil 0.1.0
	   |-- io_reactivex_rxjava3_rxjava 3.1.8
	   |-- mixinsquared 0.2.0-beta.6
	   |-- net_objecthunter_exp4j 0.4.8
	   |-- org_jctools_jctools-core 4.0.5
	   \-- org_reactivestreams_reactive-streams 1.0.4
	- cloth-config 20.0.148
	   \-- cloth-basic-math 0.6.1
	- fabric-api 0.134.0+1.21.9
	   |-- fabric-api-base 1.0.0+14b92d897d
	   |-- fabric-api-lookup-api-v1 1.6.106+d17682157d
	   |-- fabric-biome-api-v1 16.1.0+c2417d4f7d
	   |-- fabric-block-api-v1 1.1.5+d17682157d
	   |-- fabric-block-view-api-v2 1.0.34+e4fd1b927d
	   |-- fabric-command-api-v2 2.3.7+328a75ba7d
	   |-- fabric-content-registries-v0 10.2.3+b6a242647d
	   |-- fabric-convention-tags-v1 2.1.47+7f945d5b7d
	   |-- fabric-convention-tags-v2 2.15.12+3154c1c87d
	   |-- fabric-crash-report-info-v1 0.3.18+33df5e6e7d
	   |-- fabric-data-attachment-api-v1 1.8.28+9bce411b7d
	   |-- fabric-data-generation-api-v1 23.2.22+d8b85ef17d
	   |-- fabric-dimensions-v1 4.0.22+38b9cc197d
	   |-- fabric-entity-events-v1 2.1.12+14b92d897d
	   |-- fabric-events-interaction-v0 4.0.35+5ba217127d
	   |-- fabric-game-rule-api-v1 1.1.1+e47eaae57d
	   |-- fabric-item-api-v1 11.5.8+9bce411b7d
	   |-- fabric-item-group-api-v1 4.2.24+86b3ae577d
	   |-- fabric-key-binding-api-v1 1.1.1+b3ba9c487d
	   |-- fabric-lifecycle-events-v1 2.6.9+33df5e6e7d
	   |-- fabric-loot-api-v2 3.0.64+3f89f5a57d
	   |-- fabric-loot-api-v3 2.0.11+d17682157d
	   |-- fabric-message-api-v1 6.1.7+3154c1c87d
	   |-- fabric-model-loading-api-v1 6.0.0+3ffd6ef07d
	   |-- fabric-networking-api-v1 5.0.13+d269470c7d
	   |-- fabric-object-builder-api-v1 21.1.24+9bce411b7d
	   |-- fabric-particles-v1 4.2.2+a0ee59a47d
	   |-- fabric-recipe-api-v1 8.1.26+d17682157d
	   |-- fabric-registry-sync-v0 6.1.41+679c8c5c7d
	   |-- fabric-renderer-api-v1 7.1.1+328a75ba7d
	   |-- fabric-renderer-indigo 4.0.19+328a75ba7d
	   |-- fabric-rendering-fluids-v1 3.1.38+86b3ae577d
	   |-- fabric-rendering-v1 16.0.1+328a75ba7d
	   |-- fabric-resource-conditions-api-v1 5.0.28+33df5e6e7d
	   |-- fabric-resource-loader-v0 3.2.2+3388a3b27d
	   |-- fabric-resource-loader-v1 1.0.2+225bca407d
	   |-- fabric-screen-api-v1 3.1.0+9c82a7987d
	   |-- fabric-screen-handler-api-v1 1.3.150+d17682157d
	   |-- fabric-serialization-api-v1 1.0.0+d857c9767d
	   |-- fabric-sound-api-v1 1.0.45+328a75ba7d
	   |-- fabric-tag-api-v1 1.2.10+2fa446b27d
	   |-- fabric-transfer-api-v1 6.0.15+79ec2c127d
	   \-- fabric-transitive-access-wideners-v1 6.5.3+41eb43437d
	- fabricloader 0.17.2
	   \-- mixinextras 0.5.0
	- ferritecore 8.0.0
	- java 21
	- lithium 0.19.1+mc1.21.9
	- minecraft 1.21.9
	- scalablelux 0.1.6+fabric.c25518a
	- vmp 0.2.0+beta.7.212+1.21.9
	   \-- com_ibm_async_asyncutil 0.1.0
[17:09:37] [main/INFO]: SpongePowered MIXIN Subsystem Version=0.8.7 Source=file:/root/.minecraft-server/minecraft-server/libraries/net/fabricmc/sponge-mixin/0.16.3+mixin.0.8.7/sponge-mixin-0.16.3+mixin.0.8.7.jar Service=Knot/Fabric Env=SERVER
[17:09:37] [main/INFO]: Compatibility level set to JAVA_16
[17:09:37] [main/INFO]: Compatibility level set to JAVA_21
[17:09:37] [main/INFO]: Initializing com.ishland.c2me.base.mixin
[17:09:37] [main/INFO]: Config defaultGlobalExecutorParallelismExpression changed from 
    max(
        1,
        min(
            if( is_windows,
                (cpus / 1.6),
                (cpus / 1.3)
            )  - if(is_client, 1, 0),
            ( ( mem_gb - (if(is_client, 1.0, 0.5)) ) / 0.6 )
        )
    )
  to max(1,min(if(is_client,(cpus/2.66+1),(cpus/1.5)),if(is_j9vm,((mem_gb-(if(is_client,0.5,0.2)))/0.2),((mem_gb-(if(is_client,0.8,0.5)))/0.2))))
[17:09:38] [main/INFO]: Global Executor Parallelism: 1 configured, 1 evaluated, 1 default evaluated
[17:09:38] [main/INFO]: Initializing com.ishland.c2me.fixes.chunkio.threading_issues.mixin
[17:09:38] [main/INFO]: Initializing com.ishland.c2me.fixes.general.threading_issues.mixin
[17:09:38] [main/INFO]: Initializing com.ishland.c2me.fixes.worldgen.threading_issues.mixin
[17:09:38] [main/INFO]: Initializing com.ishland.c2me.fixes.worldgen.vanilla_bugs.mixin
[17:09:38] [main/INFO]: Initializing com.ishland.c2me.notickvd.mixin
[17:09:38] [main/INFO]: Config noTickViewDistance.maxConcurrentChunkLoads changed from 2 to 2
[17:09:38] [main/INFO]: Config noTickViewDistance.enableExtRenderDistanceProtocol changed from true to false
[17:09:38] [main/INFO]: Initializing com.ishland.c2me.opts.allocs.mixin
[17:09:38] [main/INFO]: Initializing com.ishland.c2me.opts.chunkio.mixin
[17:09:38] [main/INFO]: Initializing com.ishland.c2me.opts.dfc.mixin
[17:09:38] [main/INFO]: Initializing com.ishland.c2me.opts.math.mixin
[17:09:38] [main/INFO]: Initializing com.ishland.c2me.opts.scheduling.mixin
[17:09:38] [main/INFO]: Initializing com.ishland.c2me.opts.worldgen.general.mixin
[17:09:38] [main/INFO]: Initializing com.ishland.c2me.opts.worldgen.vanilla.mixin
[17:09:38] [main/INFO]: Initializing com.ishland.c2me.rewrites.chunk_serializer.mixin
[17:09:38] [main/INFO]: Config ioSystem.gcFreeChunkSerializer changed from false to true
[17:09:38] [main/INFO]: Initializing com.ishland.c2me.rewrites.chunksystem.mixin
[17:09:38] [main/INFO]: Config chunkSystem.syncPlayerTickets changed from true to false
[17:09:38] [main/INFO]: Initializing com.ishland.c2me.rewrites.chunkio.mixin
[17:09:38] [main/INFO]: Initializing com.ishland.c2me.server.utils.mixin
[17:09:38] [main/INFO]: Initializing com.ishland.c2me.threading.lighting.mixin
[17:09:38] [main/WARN]: Mod 'ferritecore' attempted to override option 'mixin.alloc.blockstate', which doesn't exist, ignoring
[17:09:38] [main/INFO]: Option 'mixin.entity.collisions.fluid' requires 'mixin.experimental.entity.block_caching.fluid_pushing=false' but found 'true'. Setting 'mixin.entity.collisions.fluid=false'.
[17:09:38] [main/INFO]: Loaded configuration file for Lithium: 163 options available, 1 override(s) found. Experimental features are enabled!
[17:09:38] [main/INFO]: Successfully started async appender with [SysOut, ServerGuiConsole, Tracy, File]
[17:09:39] [main/WARN]: Mixin malte0811.ferritecore.mixin.threaddetec.PalettedContainerMixin is disabled automatically as lithium is installed
[17:09:40] [main/INFO]: Initializing MixinExtras via com.llamalad7.mixinextras.service.MixinExtrasServiceImpl(version=0.5.0).
[17:10:01] [main/INFO]: Environment: Environment[sessionHost=https://sessionserver.mojang.com, servicesHost=https://api.minecraftservices.com, profilesHost=https://api.mojang.com, name=PROD]
[17:10:07] [main/INFO]: Loaded 1461 recipes
[17:10:07] [main/INFO]: Loaded 1574 advancements
[17:10:08] [main/INFO]: Applied 0 biome modifications to 0 of 65 new biomes in 2.589 ms
[17:10:08] [Server thread/INFO]: Starting minecraft server version 1.21.9
[17:10:08] [Server thread/INFO]: Loading properties
[17:10:08] [Server thread/INFO]: Default game type: SURVIVAL
[17:10:08] [Server thread/INFO]: Generating keypair
[17:10:08] [Server thread/INFO]: Starting Minecraft server on *:25565
[17:10:08] [Server thread/INFO]: Using epoll channel type
[17:10:09] [Server thread/WARN]: **** SERVER IS RUNNING IN OFFLINE/INSECURE MODE!
[17:10:09] [Server thread/WARN]: The server will make no attempt to authenticate usernames. Beware.
[17:10:09] [Server thread/WARN]: While this makes the game possible to play without internet access, it also opens up the ability for hackers to connect with any username they choose.
[17:10:09] [Server thread/WARN]: To change this, set "online-mode" to "true" in the server.properties file.
[17:10:09] [Server thread/INFO]: Preparing level "world"
[17:10:09] [Server thread/INFO]: Enforcing safe world random access
[17:10:11] [Server thread/INFO]: [STDOUT]: Density function compilation finished in 798.6 ms
[17:10:11] [Server thread/INFO]: Using TheSpeedyObjectFactory with Unsafe
[17:10:11] [Server thread/INFO]: [STDOUT]: Density function compilation finished in 20.36 ms
[17:10:12] [Server thread/INFO]: [STDOUT]: Density function compilation finished in 13.32 ms
[17:10:12] [Server thread/INFO]: Loading 0 persistent chunks...
[17:10:12] [Server thread/INFO]: Preparing spawn area: 100%
[17:10:12] [Server thread/INFO]: [STDOUT]: [ScalableLux] Lighting scaling is enabled in externally managed mode
[17:10:12] [Server thread/INFO]: Time elapsed: 121 ms
[17:10:12] [Server thread/INFO]: Done (2.788s)! For help, type "help"
[17:10:24] [Server thread/INFO]: murkyshelf[/117.213.200.3:37182] logged in with entity id 176 at (217.16622914509324, 64.0, -64.28643818476027)
[17:10:24] [Server thread/INFO]: murkyshelf joined the game
[17:10:25] [Server thread/INFO]: anish[/117.213.200.3:44025] logged in with entity id 213 at (299.4891855475807, 69.0, -259.3769935448136)
[17:10:25] [Server thread/INFO]: anish joined the game
[17:10:25] [Server thread/WARN]: Can't keep up! Is the server overloaded? Running 3383ms or 67 ticks behind
[17:10:55] [Server thread/WARN]: Can't keep up! Is the server overloaded? Running 15121ms or 302 ticks behind
[17:12:50] [Server thread/INFO]: civilreacher[/112.133.220.140:52652] logged in with entity id 1086 at (315.39570121686126, 67.0, -213.01799375973243)
[17:12:50] [Server thread/INFO]: civilreacher joined the game
[17:13:18] [Server thread/INFO]: [Not Secure] <murkyshelf> SLEEP
[17:13:32] [Server thread/INFO]: [Not Secure] <civilreacher> OK
[17:13:40] [Server thread/INFO]: anish lost connection: Disconnected
[17:13:40] [Server thread/INFO]: anish left the game
[17:13:47] [Server thread/INFO]: anish[/117.213.200.3:22104] logged in with entity id 1355 at (300.180459103961, 67.9375, -255.21990566973918)
[17:13:47] [Server thread/INFO]: anish joined the game
[17:14:02] [Server thread/INFO]: murkyshelf has made the advancement [We Need to Go Deeper]
[17:14:08] [Server thread/WARN]: Can't keep up! Is the server overloaded? Running 2002ms or 40 ticks behind
[17:14:46] [Server thread/INFO]: murkyshelf has made the advancement [Hot Stuff]
[17:17:10] [Server thread/INFO]: Locating element minecraft:fortress took 6 ms
[17:19:06] [Server console handler/ERROR]: Exception handling console input
java.io.IOException: Input/output error
	at java.base/java.io.FileInputStream.readBytes(Native Method) ~[?:?]
	at java.base/java.io.FileInputStream.read(FileInputStream.java:287) ~[?:?]
	at java.base/java.io.BufferedInputStream.read1(BufferedInputStream.java:345) ~[?:?]
	at java.base/java.io.BufferedInputStream.implRead(BufferedInputStream.java:420) ~[?:?]
	at java.base/java.io.BufferedInputStream.read(BufferedInputStream.java:399) ~[?:?]
	at java.base/sun.nio.cs.StreamDecoder.readBytes(StreamDecoder.java:350) ~[?:?]
	at java.base/sun.nio.cs.StreamDecoder.implRead(StreamDecoder.java:393) ~[?:?]
	at java.base/sun.nio.cs.StreamDecoder.lockedRead(StreamDecoder.java:217) ~[?:?]
	at java.base/sun.nio.cs.StreamDecoder.read(StreamDecoder.java:171) ~[?:?]
	at java.base/java.io.InputStreamReader.read(InputStreamReader.java:188) ~[?:?]
	at java.base/java.io.BufferedReader.fill(BufferedReader.java:160) ~[?:?]
	at java.base/java.io.BufferedReader.implReadLine(BufferedReader.java:370) ~[?:?]
	at java.base/java.io.BufferedReader.readLine(BufferedReader.java:347) ~[?:?]
	at java.base/java.io.BufferedReader.readLine(BufferedReader.java:436) ~[?:?]
	at knot/net.minecraft.class_3176$1.run(class_3176.java:189) [server-intermediary.jar:?]
[17:19:06] [Server thread/INFO]: Stopping server
[17:19:06] [Server thread/INFO]: Saving players
[17:19:06] [Server thread/INFO]: murkyshelf lost connection: Server closed
[17:19:06] [Server thread/INFO]: murkyshelf left the game
[17:19:06] [Server thread/INFO]: anish lost connection: Server closed
[17:19:06] [Server thread/INFO]: anish left the game
[17:19:06] [Server thread/INFO]: Saving worlds
[17:19:06] [Server thread/INFO]: ServerLevel[world]/minecraft:overworld: waiting for 2024 chunks to unload
[17:19:06] [Server thread/INFO]: ServerLevel[world]/minecraft:the_nether: waiting for 2132 chunks to unload
[17:19:08] [Server thread/INFO]: ServerLevel[world]/minecraft:the_nether: waiting for 101 chunks to unload
[17:19:09] [Server thread/INFO]: Saving chunks for level 'ServerLevel[world]'/minecraft:overworld
[17:19:09] [Server thread/INFO]: Saving chunks for level 'ServerLevel[world]'/minecraft:the_end
[17:19:09] [Server thread/INFO]: Saving chunks for level 'ServerLevel[world]'/minecraft:the_nether
[17:19:09] [Server thread/INFO]: ThreadedAnvilChunkStorage (world): All chunks are saved
[17:19:09] [Server thread/INFO]: ThreadedAnvilChunkStorage (DIM1): All chunks are saved
[17:19:09] [Server thread/INFO]: ThreadedAnvilChunkStorage (DIM-1): All chunks are saved
[17:19:09] [Server thread/INFO]: ThreadedAnvilChunkStorage: All dimensions are saved
[17:19:09] [C2ME Storage #3/INFO]: Storage thread Thread[#40,C2ME Storage #3,5,main] stopped
[17:19:09] [C2ME Storage #2/INFO]: Storage thread Thread[#39,C2ME Storage #2,5,main] stopped
[17:19:09] [C2ME Storage #1/INFO]: Storage thread Thread[#38,C2ME Storage #1,5,main] stopped
[17:19:09] [C2ME Storage #6/INFO]: Storage thread Thread[#43,C2ME Storage #6,5,main] stopped
[17:19:09] [C2ME Storage #5/INFO]: Storage thread Thread[#42,C2ME Storage #5,5,main] stopped
[17:19:09] [C2ME Storage #4/INFO]: Storage thread Thread[#41,C2ME Storage #4,5,main] stopped
[17:19:09] [C2ME Storage #9/INFO]: Storage thread Thread[#46,C2ME Storage #9,5,main] stopped
[17:19:09] [C2ME Storage #8/INFO]: Storage thread Thread[#45,C2ME Storage #8,5,main] stopped
[17:19:09] [C2ME Storage #7/INFO]: Storage thread Thread[#44,C2ME Storage #7,5,main] stopped
